2019-06-09 20:08:35.307 ERROR 13136 --- [main] o.s.boot.SpringApplication               : Application run failed

org.springframework.boot.context.properties.bind.BindException: Failed to bind properties under 'logging.level' to java.util.Map<java.lang.String, java.lang.String>
	at org.springframework.boot.context.properties.bind.Binder.handleBindError(Binder.java:249) ~[spring-boot-2.1.3.RELEASE.jar:2.1.3.RELEASE]
	at org.springframework.boot.context.properties.bind.Binder.bind(Binder.java:225) ~[spring-boot-2.1.3.RELEASE.jar:2.1.3.RELEASE]
	at org.springframework.boot.context.properties.bind.Binder.bind(Binder.java:208) ~[spring-boot-2.1.3.RELEASE.jar:2.1.3.RELEASE]
	at org.springframework.boot.context.properties.bind.Binder.bind(Binder.java:177) ~[spring-boot-2.1.3.RELEASE.jar:2.1.3.RELEASE]
	at org.springframework.boot.context.logging.LoggingApplicationListener.setLogLevels(LoggingApplicationListener.java:338) ~[spring-boot-2.1.3.RELEASE.jar:2.1.3.RELEASE]
	at org.springframework.boot.context.logging.LoggingApplicationListener.initializeFinalLoggingLevels(LoggingApplicationListener.java:319) ~[spring-boot-2.1.3.RELEASE.jar:2.1.3.RELEASE]
	at org.springframework.boot.context.logging.LoggingApplicationListener.initialize(LoggingApplicationListener.java:267) ~[spring-boot-2.1.3.RELEASE.jar:2.1.3.RELEASE]
	at org.springframework.boot.context.logging.LoggingApplicationListener.onApplicationEnvironmentPreparedEvent(LoggingApplicationListener.java:229) ~[spring-boot-2.1.3.RELEASE.jar:2.1.3.RELEASE]
	at org.springframework.boot.context.logging.LoggingApplicationListener.onApplicationEvent(LoggingApplicationListener.java:202) ~[spring-boot-2.1.3.RELEASE.jar:2.1.3.RELEASE]
	at org.springframework.context.event.SimpleApplicationEventMulticaster.doInvokeListener(SimpleApplicationEventMulticaster.java:172) ~[spring-context-5.1.5.RELEASE.jar:5.1.5.RELEASE]
	at org.springframework.context.event.SimpleApplicationEventMulticaster.invokeListener(SimpleApplicationEventMulticaster.java:165) ~[spring-context-5.1.5.RELEASE.jar:5.1.5.RELEASE]
	at org.springframework.context.event.SimpleApplicationEventMulticaster.multicastEvent(SimpleApplicationEventMulticaster.java:139) ~[spring-context-5.1.5.RELEASE.jar:5.1.5.RELEASE]
	at org.springframework.context.event.SimpleApplicationEventMulticaster.multicastEvent(SimpleApplicationEventMulticaster.java:127) ~[spring-context-5.1.5.RELEASE.jar:5.1.5.RELEASE]
	at org.springframework.boot.context.event.EventPublishingRunListener.environmentPrepared(EventPublishingRunListener.java:75) ~[spring-boot-2.1.3.RELEASE.jar:2.1.3.RELEASE]
	at org.springframework.boot.SpringApplicationRunListeners.environmentPrepared(SpringApplicationRunListeners.java:54) ~[spring-boot-2.1.3.RELEASE.jar:2.1.3.RELEASE]
	at org.springframework.boot.SpringApplication.prepareEnvironment(SpringApplication.java:347) [spring-boot-2.1.3.RELEASE.jar:2.1.3.RELEASE]
	at org.springframework.boot.SpringApplication.run(SpringApplication.java:306) [spring-boot-2.1.3.RELEASE.jar:2.1.3.RELEASE]
	at org.springframework.boot.SpringApplication.run(SpringApplication.java:1260) [spring-boot-2.1.3.RELEASE.jar:2.1.3.RELEASE]
	at org.springframework.boot.SpringApplication.run(SpringApplication.java:1248) [spring-boot-2.1.3.RELEASE.jar:2.1.3.RELEASE]
	at com.dzhou.DemoMybatisApplication.main(DemoMybatisApplication.java:17) [classes/:na]
Caused by: org.springframework.core.convert.ConverterNotFoundException: No converter found capable of converting from type [java.lang.String] to type [java.util.Map<java.lang.String, java.lang.String>]
	at org.springframework.core.convert.support.GenericConversionService.handleConverterNotFound(GenericConversionService.java:321) ~[spring-core-5.1.5.RELEASE.jar:5.1.5.RELEASE]
	at org.springframework.core.convert.support.GenericConversionService.convert(GenericConversionService.java:194) ~[spring-core-5.1.5.RELEASE.jar:5.1.5.RELEASE]
	at org.springframework.boot.context.properties.bind.BindConverter$CompositeConversionService.convert(BindConverter.java:177) ~[spring-boot-2.1.3.RELEASE.jar:2.1.3.RELEASE]
	at org.springframework.boot.context.properties.bind.BindConverter.convert(BindConverter.java:98) ~[spring-boot-2.1.3.RELEASE.jar:2.1.3.RELEASE]
	at org.springframework.boot.context.properties.bind.BindConverter.convert(BindConverter.java:90) ~[spring-boot-2.1.3.RELEASE.jar:2.1.3.RELEASE]
	at org.springframework.boot.context.properties.bind.MapBinder.bindAggregate(MapBinder.java:65) ~[spring-boot-2.1.3.RELEASE.jar:2.1.3.RELEASE]
	at org.springframework.boot.context.properties.bind.AggregateBinder.bind(AggregateBinder.java:58) ~[spring-boot-2.1.3.RELEASE.jar:2.1.3.RELEASE]
	at org.springframework.boot.context.properties.bind.Binder.lambda$bindAggregate$2(Binder.java:304) ~[spring-boot-2.1.3.RELEASE.jar:2.1.3.RELEASE]
	at org.springframework.boot.context.properties.bind.Binder$Context.withIncreasedDepth(Binder.java:448) ~[spring-boot-2.1.3.RELEASE.jar:2.1.3.RELEASE]
	at org.springframework.boot.context.properties.bind.Binder$Context.access$100(Binder.java:388) ~[spring-boot-2.1.3.RELEASE.jar:2.1.3.RELEASE]
	at org.springframework.boot.context.properties.bind.Binder.bindAggregate(Binder.java:303) ~[spring-boot-2.1.3.RELEASE.jar:2.1.3.RELEASE]
	at org.springframework.boot.context.properties.bind.Binder.bindObject(Binder.java:261) ~[spring-boot-2.1.3.RELEASE.jar:2.1.3.RELEASE]
	at org.springframework.boot.context.properties.bind.Binder.bind(Binder.java:220) ~[spring-boot-2.1.3.RELEASE.jar:2.1.3.RELEASE]
	... 18 common frames omitted

2019-06-09 20:10:39.551  INFO 12476 --- [main] com.dzhou.DemoMybatisApplication         : Starting DemoMybatisApplication on zhouly2943 with PID 12476 (D:\workspace2018\demomybatis\target\classes started by ZHOULY2 in D:\workspace2018\demomybatis)
2019-06-09 20:10:39.557  INFO 12476 --- [main] com.dzhou.DemoMybatisApplication         : No active profile set, falling back to default profiles: default
2019-06-09 20:10:40.948  WARN 12476 --- [main] o.m.s.mapper.ClassPathMapperScanner      : No MyBatis mapper was found in '[com.dzhou]' package. Please check your configuration.
2019-06-09 20:10:41.123  INFO 12476 --- [main] .s.d.r.c.RepositoryConfigurationDelegate : Multiple Spring Data modules found, entering strict repository configuration mode!
2019-06-09 20:10:41.126  INFO 12476 --- [main] .s.d.r.c.RepositoryConfigurationDelegate : Bootstrapping Spring Data repositories in DEFAULT mode.
2019-06-09 20:10:41.174  INFO 12476 --- [main] .s.d.r.c.RepositoryConfigurationDelegate : Finished Spring Data repository scanning in 26ms. Found 0 repository interfaces.
2019-06-09 20:10:41.673  INFO 12476 --- [main] trationDelegate$BeanPostProcessorChecker : Bean 'org.springframework.transaction.annotation.ProxyTransactionManagementConfiguration' of type [org.springframework.transaction.annotation.ProxyTransactionManagementConfiguration$$EnhancerBySpringCGLIB$$84159bda] is not eligible for getting processed by all BeanPostProcessors (for example: not eligible for auto-proxying)
2019-06-09 20:10:42.090  INFO 12476 --- [main] o.s.b.w.embedded.tomcat.TomcatWebServer  : Tomcat initialized with port(s): 8080 (http)
2019-06-09 20:10:42.117  INFO 12476 --- [main] o.apache.catalina.core.StandardService   : Starting service [Tomcat]
2019-06-09 20:10:42.117  INFO 12476 --- [main] org.apache.catalina.core.StandardEngine  : Starting Servlet engine: [Apache Tomcat/9.0.16]
2019-06-09 20:10:42.125  INFO 12476 --- [main] o.a.catalina.core.AprLifecycleListener   : The APR based Apache Tomcat Native library which allows optimal performance in production environments was not found on the java.library.path: [D:\Program Files\Java\jdk1.8.0_161\bin;C:\Windows\Sun\Java\bin;C:\Windows\system32;C:\Windows;C:\Windows\system32;C:\Windows;C:\Windows\System32\Wbem;C:\Windows\System32\WindowsPowerShell\v1.0\;D:\Oracle\instantclient_11_2;D:\Program Files\TortoiseSVN\bin;D:\Program Files\MySQL\MySQL Server 5.5\bin;D:\Program Files (x86)\apache-maven-3.5.3\bin;D:\Program Files\Git\cmd;D:\Program Files\nodejs\;D:\Program Files\nodejs\node_global;E:\Program Files (x86)\PuTTY\;D:\MyData\zhouly2\AppData\Local\Microsoft\WindowsApps;D:\MyData\zhouly2\AppData\Local\Programs\Python\Python37\;D:\MyData\zhouly2\AppData\Local\Programs\Python\Python37\Scripts\;E:\anaconda\Scripts;E:\anaconda\;D:\Program Files (x86)\adb;D:\Program Files\Java\jdk1.8.0_161\bin;D:\Program Files (x86)\Tesseract-OCR;D:\Program Files\erl10.0.1\bin;D:\Program Files\RabbitMQ Server\rabbitmq_server-3.7.14\sbin;D:\Program Files\kubernetes;D:\Program Files\JetBrains\WebStorm 2019.1.2\bin;;D:\MyData\zhouly2\AppData\Roaming\npm;.]
2019-06-09 20:10:42.429  INFO 12476 --- [main] o.a.c.c.C.[Tomcat].[localhost].[/]       : Initializing Spring embedded WebApplicationContext
2019-06-09 20:10:42.429  INFO 12476 --- [main] o.s.web.context.ContextLoader            : Root WebApplicationContext: initialization completed in 2757 ms
2019-06-09 20:10:43.826  INFO 12476 --- [main] o.s.s.concurrent.ThreadPoolTaskExecutor  : Initializing ExecutorService 'applicationTaskExecutor'
2019-06-09 20:10:44.325  INFO 12476 --- [main] com.zaxxer.hikari.HikariDataSource       : HikariPool-1 - Starting...
2019-06-09 20:10:44.472  INFO 12476 --- [main] com.zaxxer.hikari.HikariDataSource       : HikariPool-1 - Start completed.
2019-06-09 20:10:44.540  INFO 12476 --- [main] org.quartz.impl.StdSchedulerFactory      : Using default implementation for ThreadExecutor
2019-06-09 20:10:44.555  INFO 12476 --- [main] org.quartz.core.SchedulerSignalerImpl    : Initialized Scheduler Signaller of type: class org.quartz.core.SchedulerSignalerImpl
2019-06-09 20:10:44.555  INFO 12476 --- [main] org.quartz.core.QuartzScheduler          : Quartz Scheduler v.2.3.0 created.
2019-06-09 20:10:44.556  INFO 12476 --- [main] org.quartz.simpl.RAMJobStore             : RAMJobStore initialized.
2019-06-09 20:10:44.557  INFO 12476 --- [main] org.quartz.core.QuartzScheduler          : Scheduler meta-data: Quartz Scheduler (v2.3.0) 'quartzScheduler' with instanceId 'NON_CLUSTERED'
  Scheduler class: 'org.quartz.core.QuartzScheduler' - running locally.
  NOT STARTED.
  Currently in standby mode.
  Number of jobs executed: 0
  Using thread pool 'org.quartz.simpl.SimpleThreadPool' - with 10 threads.
  Using job-store 'org.quartz.simpl.RAMJobStore' - which does not support persistence. and is not clustered.

2019-06-09 20:10:44.557  INFO 12476 --- [main] org.quartz.impl.StdSchedulerFactory      : Quartz scheduler 'quartzScheduler' initialized from an externally provided properties instance.
2019-06-09 20:10:44.557  INFO 12476 --- [main] org.quartz.impl.StdSchedulerFactory      : Quartz scheduler version: 2.3.0
2019-06-09 20:10:44.557  INFO 12476 --- [main] org.quartz.core.QuartzScheduler          : JobFactory set to: org.springframework.scheduling.quartz.SpringBeanJobFactory@1029cf9
2019-06-09 20:10:44.617  INFO 12476 --- [main] o.s.b.a.e.web.EndpointLinksResolver      : Exposing 2 endpoint(s) beneath base path '/actuator'
2019-06-09 20:10:44.670  INFO 12476 --- [main] o.s.s.quartz.SchedulerFactoryBean        : Starting Quartz Scheduler now
2019-06-09 20:10:44.671  INFO 12476 --- [main] org.quartz.core.QuartzScheduler          : Scheduler quartzScheduler_$_NON_CLUSTERED started.
2019-06-09 20:10:44.717  INFO 12476 --- [main] o.s.b.w.embedded.tomcat.TomcatWebServer  : Tomcat started on port(s): 8080 (http) with context path ''
2019-06-09 20:10:44.721  INFO 12476 --- [main] com.dzhou.DemoMybatisApplication         : Started DemoMybatisApplication in 6.209 seconds (JVM running for 8.667)
2019-06-09 20:10:44.878  INFO 12476 --- [RMI TCP Connection(4)-127.0.0.1] o.a.c.c.C.[Tomcat].[localhost].[/]       : Initializing Spring DispatcherServlet 'dispatcherServlet'
2019-06-09 20:10:44.878  INFO 12476 --- [RMI TCP Connection(4)-127.0.0.1] o.s.web.servlet.DispatcherServlet        : Initializing Servlet 'dispatcherServlet'
2019-06-09 20:10:44.892  INFO 12476 --- [RMI TCP Connection(4)-127.0.0.1] o.s.web.servlet.DispatcherServlet        : Completed initialization in 14 ms
2019-06-09 20:10:45.055  INFO 12476 --- [RMI TCP Connection(6)-127.0.0.1] io.lettuce.core.EpollProvider            : Starting without optional epoll library
2019-06-09 20:10:45.057  INFO 12476 --- [RMI TCP Connection(6)-127.0.0.1] io.lettuce.core.KqueueProvider           : Starting without optional kqueue library
2019-06-09 20:10:52.459  INFO 12476 --- [http-nio-8080-exec-2] com.dzhou.controller.UserController      : in controller 11
2019-06-09 20:11:11.630  INFO 12476 --- [http-nio-8080-exec-1] com.dzhou.controller.UserController      : 0
